# 统计时间: 2026-01-27 21:55:09
# 规则总数: 189480
# 唯一规则数: 188748
# 重复规则数: 732
# 重复率: 0.39%

# 各文件规则统计:
#   AdvertisingLite.list: 38066 条规则, 重复 31 条, 重复率 0.08%
#   Ai.list: 67 条规则, 重复 8 条, 重复率 11.94%
#   Apple.list: 1589 条规则, 重复 16 条, 重复率 1.01%
#   ChinaIP.list: 23316 条规则, 重复 5 条, 重复率 0.02%
#   ChinaMedia.list: 411 条规则, 重复 166 条, 重复率 40.39%
#   Direct.list: 115257 条规则, 重复 164 条, 重复率 0.14%
#   GameDownload.list: 55 条规则, 重复 2 条, 重复率 3.64%
#   GitHub.list: 31 条规则, 重复 3 条, 重复率 9.68%
#   GlobalMedia.list: 2265 条规则, 重复 366 条, 重复率 16.16%
#   Google.list: 708 条规则, 重复 118 条, 重复率 16.67%
#   GoogleFCM.list: 41 条规则, 重复 9 条, 重复率 21.95%
#   Microsoft.list: 670 条规则, 重复 36 条, 重复率 5.37%
#   Proxy.list: 6722 条规则, 重复 319 条, 重复率 4.75%
#   Steam.list: 54 条规则, 重复 6 条, 重复率 11.11%
#   Telegram.list: 44 条规则, 重复 17 条, 重复率 38.64%
#   YouTube.list: 184 条规则, 重复 183 条, 重复率 99.46%
